# JRE version: OpenJDK Runtime Environment (8.0_202-b03) (build 1.8.0_202-release-1483-b03)
# Java VM: OpenJDK 64-Bit Server VM (25.202-b03 mixed mode windows-amd64 compressed oops)
Heap:
 PSYoungGen      total 212992K, used 104181K [0x00000000e0000000, 0x00000000f0d80000, 0x0000000100000000)
  eden space 192000K, 43% used [0x00000000e0000000,0x00000000e5144d08,0x00000000ebb80000)
  from space 20992K, 99% used [0x00000000ebb80000,0x00000000ecff8a58,0x00000000ed000000)
  to   space 26624K, 0% used [0x00000000ef380000,0x00000000ef380000,0x00000000f0d80000)
 ParOldGen       total 132096K, used 35974K [0x00000000a0000000, 0x00000000a8100000, 0x00000000e0000000)
  object space 132096K, 27% used [0x00000000a0000000,0x00000000a2321a68,0x00000000a8100000)
 Metaspace       used 71559K, capacity 74386K, committed 74456K, reserved 1114112K
  class space    used 9378K, capacity 9978K, committed 9984K, reserved 1048576K
GC Heap History (10 events):
Event: 9.601 GC heap before
{Heap before GC invocations=14 (full 2):
 PSYoungGen      total 149504K, used 34512K [0x00000000e0000000, 0x00000000ec480000, 0x0000000100000000)
  eden space 135680K, 15% used [0x00000000e0000000,0x00000000e143b6b0,0x00000000e8480000)
  from space 13824K, 99% used [0x00000000e8480000,0x00000000e91f8c40,0x00000000e9200000)
  to   space 18432K, 0% used [0x00000000eb280000,0x00000000eb280000,0x00000000ec480000)
 ParOldGen       total 90112K, used 27333K [0x00000000a0000000, 0x00000000a5800000, 0x00000000e0000000)
  object space 90112K, 30% used [0x00000000a0000000,0x00000000a1ab14d0,0x00000000a5800000)
 Metaspace       used 56949K, capacity 58888K, committed 58968K, reserved 1099776K
  class space    used 7792K, capacity 8241K, committed 8320K, reserved 1048576K
Event: 9.609 GC heap after
Heap after GC invocations=14 (full 2):
 PSYoungGen      total 182272K, used 1876K [0x00000000e0000000, 0x00000000ed280000, 0x0000000100000000)
  eden space 163840K, 0% used [0x00000000e0000000,0x00000000e0000000,0x00000000ea000000)
  from space 18432K, 10% used [0x00000000eb280000,0x00000000eb4551c0,0x00000000ec480000)
  to   space 18944K, 0% used [0x00000000ea000000,0x00000000ea000000,0x00000000eb280000)
 ParOldGen       total 90112K, used 33205K [0x00000000a0000000, 0x00000000a5800000, 0x00000000e0000000)
  object space 90112K, 36% used [0x00000000a0000000,0x00000000a206d518,0x00000000a5800000)
 Metaspace       used 56949K, capacity 58888K, committed 58968K, reserved 1099776K
  class space    used 7792K, capacity 8241K, committed 8320K, reserved 1048576K
}
Event: 9.609 GC heap before
{Heap before GC invocations=15 (full 3):
 PSYoungGen      total 182272K, used 1876K [0x00000000e0000000, 0x00000000ed280000, 0x0000000100000000)
  eden space 163840K, 0% used [0x00000000e0000000,0x00000000e0000000,0x00000000ea000000)
  from space 18432K, 10% used [0x00000000eb280000,0x00000000eb4551c0,0x00000000ec480000)
  to   space 18944K, 0% used [0x00000000ea000000,0x00000000ea000000,0x00000000eb280000)
 ParOldGen       total 90112K, used 33205K [0x00000000a0000000, 0x00000000a5800000, 0x00000000e0000000)
  object space 90112K, 36% used [0x00000000a0000000,0x00000000a206d518,0x00000000a5800000)
 Metaspace       used 56949K, capacity 58888K, committed 58968K, reserved 1099776K
  class space    used 7792K, capacity 8241K, committed 8320K, reserved 1048576K
Event: 9.850 GC heap after
Heap after GC invocations=15 (full 3):
 PSYoungGen      total 182272K, used 0K [0x00000000e0000000, 0x00000000ed280000, 0x0000000100000000)
  eden space 163840K, 0% used [0x00000000e0000000,0x00000000e0000000,0x00000000ea000000)
  from space 18432K, 0% used [0x00000000eb280000,0x00000000eb280000,0x00000000ec480000)
  to   space 18944K, 0% used [0x00000000ea000000,0x00000000ea000000,0x00000000eb280000)
 ParOldGen       total 132096K, used 29048K [0x00000000a0000000, 0x00000000a8100000, 0x00000000e0000000)
  object space 132096K, 21% used [0x00000000a0000000,0x00000000a1c5e2e8,0x00000000a8100000)
 Metaspace       used 56731K, capacity 58264K, committed 58968K, reserved 1099776K
  class space    used 7724K, capacity 8121K, committed 8320K, reserved 1048576K
}
Event: 4176.048 GC heap before
{Heap before GC invocations=16 (full 3):
 PSYoungGen      total 182272K, used 163840K [0x00000000e0000000, 0x00000000ed280000, 0x0000000100000000)
  eden space 163840K, 100% used [0x00000000e0000000,0x00000000ea000000,0x00000000ea000000)
  from space 18432K, 0% used [0x00000000eb280000,0x00000000eb280000,0x00000000ec480000)
  to   space 18944K, 0% used [0x00000000ea000000,0x00000000ea000000,0x00000000eb280000)
 ParOldGen       total 132096K, used 29048K [0x00000000a0000000, 0x00000000a8100000, 0x00000000e0000000)
  object space 132096K, 21% used [0x00000000a0000000,0x00000000a1c5e2e8,0x00000000a8100000)
 Metaspace       used 63558K, capacity 65690K, committed 66008K, reserved 1105920K
  class space    used 8431K, capacity 8866K, committed 8960K, reserved 1048576K
Event: 4176.066 GC heap after
Heap after GC invocations=16 (full 3):
 PSYoungGen      total 182784K, used 12231K [0x00000000e0000000, 0x00000000ee280000, 0x0000000100000000)
  eden space 163840K, 0% used [0x00000000e0000000,0x00000000e0000000,0x00000000ea000000)
  from space 18944K, 64% used [0x00000000ea000000,0x00000000eabf1fc0,0x00000000eb280000)
  to   space 18944K, 0% used [0x00000000ed000000,0x00000000ed000000,0x00000000ee280000)
 ParOldGen       total 132096K, used 29056K [0x00000000a0000000, 0x00000000a8100000, 0x00000000e0000000)
  object space 132096K, 21% used [0x00000000a0000000,0x00000000a1c602e8,0x00000000a8100000)
 Metaspace       used 63558K, capacity 65690K, committed 66008K, reserved 1105920K
  class space    used 8431K, capacity 8866K, committed 8960K, reserved 1048576K
}
Event: 4178.017 GC heap before
{Heap before GC invocations=17 (full 3):
 PSYoungGen      total 182784K, used 176071K [0x00000000e0000000, 0x00000000ee280000, 0x0000000100000000)
  eden space 163840K, 100% used [0x00000000e0000000,0x00000000ea000000,0x00000000ea000000)
  from space 18944K, 64% used [0x00000000ea000000,0x00000000eabf1fc0,0x00000000eb280000)
  to   space 18944K, 0% used [0x00000000ed000000,0x00000000ed000000,0x00000000ee280000)
 ParOldGen       total 132096K, used 29056K [0x00000000a0000000, 0x00000000a8100000, 0x00000000e0000000)
  object space 132096K, 21% used [0x00000000a0000000,0x00000000a1c602e8,0x00000000a8100000)
 Metaspace       used 67998K, capacity 70546K, committed 70744K, reserved 1110016K
  class space    used 8974K, capacity 9518K, committed 9600K, reserved 1048576K
Event: 4178.053 GC heap after
Heap after GC invocations=17 (full 3):
 PSYoungGen      total 210944K, used 16918K [0x00000000e0000000, 0x00000000ee800000, 0x0000000100000000)
  eden space 192000K, 0% used [0x00000000e0000000,0x00000000e0000000,0x00000000ebb80000)
  from space 18944K, 89% used [0x00000000ed000000,0x00000000ee085820,0x00000000ee280000)
  to   space 20992K, 0% used [0x00000000ebb80000,0x00000000ebb80000,0x00000000ed000000)
 ParOldGen       total 132096K, used 29064K [0x00000000a0000000, 0x00000000a8100000, 0x00000000e0000000)
  object space 132096K, 22% used [0x00000000a0000000,0x00000000a1c622e8,0x00000000a8100000)
 Metaspace       used 67998K, capacity 70546K, committed 70744K, reserved 1110016K
  class space    used 8974K, capacity 9518K, committed 9600K, reserved 1048576K
}
Event: 5308.297 GC heap before
{Heap before GC invocations=18 (full 3):
 PSYoungGen      total 210944K, used 208918K [0x00000000e0000000, 0x00000000ee800000, 0x0000000100000000)
  eden space 192000K, 100% used [0x00000000e0000000,0x00000000ebb80000,0x00000000ebb80000)
  from space 18944K, 89% used [0x00000000ed000000,0x00000000ee085820,0x00000000ee280000)
  to   space 20992K, 0% used [0x00000000ebb80000,0x00000000ebb80000,0x00000000ed000000)
 ParOldGen       total 132096K, used 29064K [0x00000000a0000000, 0x00000000a8100000, 0x00000000e0000000)
  object space 132096K, 22% used [0x00000000a0000000,0x00000000a1c622e8,0x00000000a8100000)
 Metaspace       used 70538K, capacity 73394K, committed 73688K, reserved 1114112K
  class space    used 9254K, capacity 9858K, committed 9984K, reserved 1048576K
Event: 5308.321 GC heap after
Heap after GC invocations=18 (full 3):
 PSYoungGen      total 212992K, used 20962K [0x00000000e0000000, 0x00000000f0d80000, 0x0000000100000000)
  eden space 192000K, 0% used [0x00000000e0000000,0x00000000e0000000,0x00000000ebb80000)
  from space 20992K, 99% used [0x00000000ebb80000,0x00000000ecff8a58,0x00000000ed000000)
  to   space 26624K, 0% used [0x00000000ef380000,0x00000000ef380000,0x00000000f0d80000)
 ParOldGen       total 132096K, used 35974K [0x00000000a0000000, 0x00000000a8100000, 0x00000000e0000000)
  object space 132096K, 27% used [0x00000000a0000000,0x00000000a2321a68,0x00000000a8100000)
 Metaspace       used 70538K, capacity 73394K, committed 73688K, reserved 1114112K
  class space    used 9254K, capacity 9858K, committed 9984K, reserved 1048576K
}

