# JRE version: OpenJDK Runtime Environment (8.0_202-b03) (build 1.8.0_202-release-1483-b03)
# Java VM: OpenJDK 64-Bit Server VM (25.202-b03 mixed mode windows-amd64 compressed oops)
Heap:
 PSYoungGen      total 178688K, used 124916K [0x00000000e0000000, 0x00000000eca80000, 0x0000000100000000)
  eden space 156160K, 65% used [0x00000000e0000000,0x00000000e645dce0,0x00000000e9880000)
  from space 22528K, 98% used [0x00000000eb380000,0x00000000ec91f4d0,0x00000000ec980000)
  to   space 25600K, 0% used [0x00000000e9880000,0x00000000e9880000,0x00000000eb180000)
 ParOldGen       total 123392K, used 29826K [0x00000000a0000000, 0x00000000a7880000, 0x00000000e0000000)
  object space 123392K, 24% used [0x00000000a0000000,0x00000000a1d20958,0x00000000a7880000)
 Metaspace       used 81098K, capacity 84405K, committed 84696K, reserved 1122304K
  class space    used 10507K, capacity 11202K, committed 11264K, reserved 1048576K
GC Heap History (10 events):
Event: 104.256 GC heap before
{Heap before GC invocations=15 (full 3):
 PSYoungGen      total 196096K, used 2836K [0x00000000e0000000, 0x00000000ed500000, 0x0000000100000000)
  eden space 177664K, 0% used [0x00000000e0000000,0x00000000e0000000,0x00000000ead80000)
  from space 18432K, 15% used [0x00000000ebf80000,0x00000000ec2451c0,0x00000000ed180000)
  to   space 18432K, 0% used [0x00000000ead80000,0x00000000ead80000,0x00000000ebf80000)
 ParOldGen       total 83968K, used 34106K [0x00000000a0000000, 0x00000000a5200000, 0x00000000e0000000)
  object space 83968K, 40% used [0x00000000a0000000,0x00000000a214ebc0,0x00000000a5200000)
 Metaspace       used 57216K, capacity 58941K, committed 59028K, reserved 1099776K
  class space    used 7783K, capacity 8192K, committed 8192K, reserved 1048576K
Event: 104.526 GC heap after
Heap after GC invocations=15 (full 3):
 PSYoungGen      total 196096K, used 0K [0x00000000e0000000, 0x00000000ed500000, 0x0000000100000000)
  eden space 177664K, 0% used [0x00000000e0000000,0x00000000e0000000,0x00000000ead80000)
  from space 18432K, 0% used [0x00000000ebf80000,0x00000000ebf80000,0x00000000ed180000)
  to   space 18432K, 0% used [0x00000000ead80000,0x00000000ead80000,0x00000000ebf80000)
 ParOldGen       total 123392K, used 29794K [0x00000000a0000000, 0x00000000a7880000, 0x00000000e0000000)
  object space 123392K, 24% used [0x00000000a0000000,0x00000000a1d18958,0x00000000a7880000)
 Metaspace       used 57102K, capacity 58599K, committed 59028K, reserved 1099776K
  class space    used 7749K, capacity 8131K, committed 8192K, reserved 1048576K
}
Event: 8872.944 GC heap before
{Heap before GC invocations=16 (full 3):
 PSYoungGen      total 196096K, used 177664K [0x00000000e0000000, 0x00000000ed500000, 0x0000000100000000)
  eden space 177664K, 100% used [0x00000000e0000000,0x00000000ead80000,0x00000000ead80000)
  from space 18432K, 0% used [0x00000000ebf80000,0x00000000ebf80000,0x00000000ed180000)
  to   space 18432K, 0% used [0x00000000ead80000,0x00000000ead80000,0x00000000ebf80000)
 ParOldGen       total 123392K, used 29794K [0x00000000a0000000, 0x00000000a7880000, 0x00000000e0000000)
  object space 123392K, 24% used [0x00000000a0000000,0x00000000a1d18958,0x00000000a7880000)
 Metaspace       used 63004K, capacity 65261K, committed 65368K, reserved 1105920K
  class space    used 8326K, capacity 8801K, committed 8832K, reserved 1048576K
Event: 8872.987 GC heap after
Heap after GC invocations=16 (full 3):
 PSYoungGen      total 183296K, used 10953K [0x00000000e0000000, 0x00000000ecc00000, 0x0000000100000000)
  eden space 172032K, 0% used [0x00000000e0000000,0x00000000e0000000,0x00000000ea800000)
  from space 11264K, 97% used [0x00000000ead80000,0x00000000eb8326f0,0x00000000eb880000)
  to   space 18432K, 0% used [0x00000000eba00000,0x00000000eba00000,0x00000000ecc00000)
 ParOldGen       total 123392K, used 29802K [0x00000000a0000000, 0x00000000a7880000, 0x00000000e0000000)
  object space 123392K, 24% used [0x00000000a0000000,0x00000000a1d1a958,0x00000000a7880000)
 Metaspace       used 63004K, capacity 65261K, committed 65368K, reserved 1105920K
  class space    used 8326K, capacity 8801K, committed 8832K, reserved 1048576K
}
Event: 8875.253 GC heap before
{Heap before GC invocations=17 (full 3):
 PSYoungGen      total 183296K, used 182985K [0x00000000e0000000, 0x00000000ecc00000, 0x0000000100000000)
  eden space 172032K, 100% used [0x00000000e0000000,0x00000000ea800000,0x00000000ea800000)
  from space 11264K, 97% used [0x00000000ead80000,0x00000000eb8326f0,0x00000000eb880000)
  to   space 18432K, 0% used [0x00000000eba00000,0x00000000eba00000,0x00000000ecc00000)
 ParOldGen       total 123392K, used 29802K [0x00000000a0000000, 0x00000000a7880000, 0x00000000e0000000)
  object space 123392K, 24% used [0x00000000a0000000,0x00000000a1d1a958,0x00000000a7880000)
 Metaspace       used 68108K, capacity 70813K, committed 71000K, reserved 1110016K
  class space    used 9004K, capacity 9567K, committed 9600K, reserved 1048576K
Event: 8875.275 GC heap after
Heap after GC invocations=17 (full 3):
 PSYoungGen      total 184320K, used 17556K [0x00000000e0000000, 0x00000000ecb80000, 0x0000000100000000)
  eden space 166400K, 0% used [0x00000000e0000000,0x00000000e0000000,0x00000000ea280000)
  from space 17920K, 97% used [0x00000000eba00000,0x00000000ecb25198,0x00000000ecb80000)
  to   space 20992K, 0% used [0x00000000ea280000,0x00000000ea280000,0x00000000eb700000)
 ParOldGen       total 123392K, used 29810K [0x00000000a0000000, 0x00000000a7880000, 0x00000000e0000000)
  object space 123392K, 24% used [0x00000000a0000000,0x00000000a1d1c958,0x00000000a7880000)
 Metaspace       used 68108K, capacity 70813K, committed 71000K, reserved 1110016K
  class space    used 9004K, capacity 9567K, committed 9600K, reserved 1048576K
}
Event: 12882.565 GC heap before
{Heap before GC invocations=18 (full 3):
 PSYoungGen      total 184320K, used 183956K [0x00000000e0000000, 0x00000000ecb80000, 0x0000000100000000)
  eden space 166400K, 100% used [0x00000000e0000000,0x00000000ea280000,0x00000000ea280000)
  from space 17920K, 97% used [0x00000000eba00000,0x00000000ecb25198,0x00000000ecb80000)
  to   space 20992K, 0% used [0x00000000ea280000,0x00000000ea280000,0x00000000eb700000)
 ParOldGen       total 123392K, used 29810K [0x00000000a0000000, 0x00000000a7880000, 0x00000000e0000000)
  object space 123392K, 24% used [0x00000000a0000000,0x00000000a1d1c958,0x00000000a7880000)
 Metaspace       used 73365K, capacity 76511K, committed 76632K, reserved 1116160K
  class space    used 9654K, capacity 10295K, committed 10368K, reserved 1048576K
Event: 12882.612 GC heap after
Heap after GC invocations=18 (full 3):
 PSYoungGen      total 178688K, used 17179K [0x00000000e0000000, 0x00000000ec980000, 0x0000000100000000)
  eden space 161280K, 0% used [0x00000000e0000000,0x00000000e0000000,0x00000000e9d80000)
  from space 17408K, 98% used [0x00000000ea280000,0x00000000eb346e80,0x00000000eb380000)
  to   space 22528K, 0% used [0x00000000eb380000,0x00000000eb380000,0x00000000ec980000)
 ParOldGen       total 123392K, used 29818K [0x00000000a0000000, 0x00000000a7880000, 0x00000000e0000000)
  object space 123392K, 24% used [0x00000000a0000000,0x00000000a1d1e958,0x00000000a7880000)
 Metaspace       used 73365K, capacity 76511K, committed 76632K, reserved 1116160K
  class space    used 9654K, capacity 10295K, committed 10368K, reserved 1048576K
}
Event: 13345.687 GC heap before
{Heap before GC invocations=19 (full 3):
 PSYoungGen      total 178688K, used 178459K [0x00000000e0000000, 0x00000000ec980000, 0x0000000100000000)
  eden space 161280K, 100% used [0x00000000e0000000,0x00000000e9d80000,0x00000000e9d80000)
  from space 17408K, 98% used [0x00000000ea280000,0x00000000eb346e80,0x00000000eb380000)
  to   space 22528K, 0% used [0x00000000eb380000,0x00000000eb380000,0x00000000ec980000)
 ParOldGen       total 123392K, used 29818K [0x00000000a0000000, 0x00000000a7880000, 0x00000000e0000000)
  object space 123392K, 24% used [0x00000000a0000000,0x00000000a1d1e958,0x00000000a7880000)
 Metaspace       used 75612K, capacity 78959K, committed 79320K, reserved 1118208K
  class space    used 9923K, capacity 10625K, committed 10752K, reserved 1048576K
Event: 13345.706 GC heap after
Heap after GC invocations=19 (full 3):
 PSYoungGen      total 178688K, used 22141K [0x00000000e0000000, 0x00000000eca80000, 0x0000000100000000)
  eden space 156160K, 0% used [0x00000000e0000000,0x00000000e0000000,0x00000000e9880000)
  from space 22528K, 98% used [0x00000000eb380000,0x00000000ec91f4d0,0x00000000ec980000)
  to   space 25600K, 0% used [0x00000000e9880000,0x00000000e9880000,0x00000000eb180000)
 ParOldGen       total 123392K, used 29826K [0x00000000a0000000, 0x00000000a7880000, 0x00000000e0000000)
  object space 123392K, 24% used [0x00000000a0000000,0x00000000a1d20958,0x00000000a7880000)
 Metaspace       used 75612K, capacity 78959K, committed 79320K, reserved 1118208K
  class space    used 9923K, capacity 10625K, committed 10752K, reserved 1048576K
}

